C51 COMPILER V9.60.7.0   A14_TRACK                                                         11/30/2023 20:59:20 PAGE 1   


C51 COMPILER V9.60.7.0, COMPILATION OF MODULE A14_TRACK
OBJECT MODULE PLACED IN .\Objects\A14_track.obj
COMPILER INVOKED BY: D:\keilC51\C51\BIN\C51.EXE Driver\A14_track.c LARGE OPTIMIZE(8,SPEED) BROWSE INCDIR(.\User;.\System
                    -) DEBUG OBJECTEXTEND PRINT(.\Listings\A14_track.lst) TABS(2) OBJECT(.\Objects\A14_track.obj)

line level    source

   1          #include "global.h"                  // Device heade
   2          
   3          void IR_Track_GPIO_Init(void) {
   4   1        GPIO_InitTypeDef GPIO_InitStructure;
   5   1        
   6   1      
   7   1        GPIO_InitStructure.GPIO_Pin = IR_Track_S1_PIN;
   8   1        GPIO_InitStructure.GPIO_Mode = GPIO_HighZ;
   9   1        GPIO_Init(IR_Track_S1_PORT, &GPIO_InitStructure);
  10   1        
  11   1      
  12   1        GPIO_InitStructure.GPIO_Pin = IR_Track_S2_PIN;
  13   1        GPIO_InitStructure.GPIO_Mode = GPIO_HighZ;
  14   1        GPIO_Init(IR_Track_S2_PORT, &GPIO_InitStructure);
  15   1        
  16   1      
  17   1        GPIO_InitStructure.GPIO_Pin = IR_Track_S3_PIN;
  18   1        GPIO_InitStructure.GPIO_Mode = GPIO_HighZ;
  19   1        GPIO_Init(IR_Track_S3_PORT, &GPIO_InitStructure);
  20   1        
  21   1      
  22   1        GPIO_InitStructure.GPIO_Pin = IR_Track_S4_PIN;
  23   1        GPIO_InitStructure.GPIO_Mode = GPIO_HighZ;
  24   1        GPIO_Init(IR_Track_S4_PORT, &GPIO_InitStructure);
  25   1      }
  26          
  27          void Get_TrackSensor_State(uint16_t *p_S1, uint16_t *p_S2, uint16_t *p_S3, uint16_t *p_S4) {
  28   1        *p_S1 = GPIO_ReadInputDataBit(IR_Track_S1_PORT, IR_Track_S1_PIN);
  29   1        *p_S2 = GPIO_ReadInputDataBit(IR_Track_S2_PORT, IR_Track_S2_PIN);
  30   1        *p_S3 = GPIO_ReadInputDataBit(IR_Track_S3_PORT, IR_Track_S3_PIN);
  31   1        *p_S4 = GPIO_ReadInputDataBit(IR_Track_S4_PORT, IR_Track_S4_PIN);
  32   1      }


MODULE INFORMATION:   STATIC OVERLAYABLE
   CODE SIZE        =    204    ----
   CONSTANT SIZE    =   ----    ----
   XDATA SIZE       =   ----      14
   PDATA SIZE       =   ----    ----
   DATA SIZE        =   ----    ----
   IDATA SIZE       =   ----    ----
   BIT SIZE         =   ----    ----
END OF MODULE INFORMATION.


C51 COMPILATION COMPLETE.  0 WARNING(S),  0 ERROR(S)
