C51 COMPILER V9.60.7.0   MAIN                                                              12/19/2023 09:15:24 PAGE 1   


C51 COMPILER V9.60.7.0, COMPILATION OF MODULE MAIN
OBJECT MODULE PLACED IN .\Objects\main.obj
COMPILER INVOKED BY: C:\Keil_v5\C51\BIN\C51.EXE User\main.c LARGE OPTIMIZE(8,SPEED) BROWSE INCDIR(.\User;.\System) DEBUG
                    - OBJECTEXTEND PRINT(.\Listings\main.lst) TABS(2) OBJECT(.\Objects\main.obj)

line level    source

   1          #include "global.h"                  // Device heade
   2          
   3          
   4          void main(void) {
   5   1        SysTick_Init();
   6   1        DelayMs(1);
   7   1        Motor_PWM_Init();
   8   1        OLED_Init();
   9   1        Usart1_Init(9600);
  10   1        DelayMs(100);
  11   1        
  12   1        OLED_ShowString(4, 1, "hello");
  13   1        /*设置速度百分之九十,直行*/
  14   1        Motor_Run(FORWARD, PWM_DUTY / 100 * 90);
  15   1        DelayMs(1000);
  16   1        /*设置速度百分之九十，后退*/
  17   1        Motor_Run(BACKWARDS, PWM_DUTY / 100 * 90);
  18   1        DelayMs(1000);
  19   1        /*设置速度百分之九十，左转*/
  20   1        Motor_Run(TURNLEFT, PWM_DUTY / 100 * 90);
  21   1        DelayMs(1000);
  22   1        /*设置速度百分之九十，右转*/
  23   1        Motor_Run(TURNRIGHT, PWM_DUTY / 100 * 90);
  24   1        DelayMs(1000);
  25   1        /*设置速度百分之九十，原地左转*/
  26   1        Motor_Run(SPINTURNLEFT, PWM_DUTY / 100 * 90);
  27   1        DelayMs(1000);
  28   1        /*设置速度百分之九十，原地右转*/
  29   1        Motor_Run(SPINTURNRIGHT, PWM_DUTY / 100 * 90);
  30   1        DelayMs(1000);
  31   1        /*停止*/
  32   1        Motor_Run(STOP, PWM_DUTY / 100 * 90);
  33   1        
  34   1        for(EA=1;;) {
  35   2      
  36   2          
  37   2        }
  38   1      }


MODULE INFORMATION:   STATIC OVERLAYABLE
   CODE SIZE        =    152    ----
   CONSTANT SIZE    =      6    ----
   XDATA SIZE       =   ----    ----
   PDATA SIZE       =   ----    ----
   DATA SIZE        =   ----    ----
   IDATA SIZE       =   ----    ----
   BIT SIZE         =   ----    ----
END OF MODULE INFORMATION.


C51 COMPILATION COMPLETE.  0 WARNING(S),  0 ERROR(S)
